root@fwuff:~/cudanagram# time echo $(./cudanagram twomilkmengocomedy --no-gpu > output.txt)
Initializing dictionary with filename
Initial words parsed: 172306
Initial words removed: 0
Frequency map rejections: 170877
Creating db with name cudanagram_1762993976709291839
Executing command: psql -d postgres -U cudanagram -v dbname=cudanagram_1762993976709291839 -f setup.sql
Created new db
Initialized Anagrammer with input twomilkmengocomedy
The system supports approximately 120 CPU threads.
Spawned 120 CPU workers
Anagrammer::initWorkers: total available threads = 120
Anagrammer iteration 1
Jobs stats: total_jobs=1, unfinished_jobs=1
Found 1 jobs, of which 1 are unfinished
Jobs stats: total_jobs=1, unfinished_jobs=0
Unfinished jobs remaining: 1
 Took 1 jobs
 Jobs/second processed+write: 9.26
Anagrammer iteration 2
Jobs stats: total_jobs=1174, unfinished_jobs=1173
Found 1174 jobs, of which 1173 are unfinished
Jobs stats: total_jobs=1174, unfinished_jobs=0
Unfinished jobs remaining: 1173
 Took 1173 jobs
 Jobs/second processed+write: 4768.29
Anagrammer iteration 3
Jobs stats: total_jobs=114332, unfinished_jobs=113158
Found 114332 jobs, of which 113158 are unfinished
Jobs stats: total_jobs=114332, unfinished_jobs=0
Unfinished jobs remaining: 113158
 Took 113158 jobs
 Jobs/second processed+write: 18462.72
Anagrammer iteration 4
Jobs stats: total_jobs=1873873, unfinished_jobs=1759442
Found 1873873 jobs, of which 1759442 are unfinished
Jobs stats: total_jobs=1873873, unfinished_jobs=0
Unfinished jobs remaining: 1759442
 Took 1759442 jobs
 Jobs/second processed+write: 91200.60
Anagrammer iteration 5
Jobs stats: total_jobs=7077348, unfinished_jobs=5187441
Found 7077348 jobs, of which 5187441 are unfinished
Jobs stats: total_jobs=7077348, unfinished_jobs=0
Unfinished jobs remaining: 5187441
 Took 5187441 jobs
 Jobs/second processed+write: 538898.92
Anagrammer iteration 6
Jobs stats: total_jobs=10026201, unfinished_jobs=2831913
Found 10026201 jobs, of which 2831913 are unfinished
Jobs stats: total_jobs=10026201, unfinished_jobs=0
Unfinished jobs remaining: 2831913
 Took 2831913 jobs
 Jobs/second processed+write: 5803100.41
Anagrammer iteration 7
Jobs stats: total_jobs=10331616, unfinished_jobs=251079
Found 10331616 jobs, of which 251079 are unfinished
Jobs stats: total_jobs=10331616, unfinished_jobs=0
Unfinished jobs remaining: 251079
 Took 251079 jobs
 Jobs/second processed+write: 1000314.74
Anagrammer iteration 8
Jobs stats: total_jobs=10336302, unfinished_jobs=2744
Found 10336302 jobs, of which 2744 are unfinished
Jobs stats: total_jobs=10336302, unfinished_jobs=0
Unfinished jobs remaining: 2744
 Took 2744 jobs
 Jobs/second processed+write: 11154.47
Anagrammer iteration 9
Jobs stats: total_jobs=10336302, unfinished_jobs=0
Found 10336302 jobs, of which 0 are unfinished
Jobs stats: total_jobs=10336302, unfinished_jobs=0
No unfinished jobs remaining, done.
Printed 189351 found sentences


real    2m8.747s
user    0m53.548s
sys     0m10.963s
root@fwuff:~/cudanagram# time echo $(./cudanagram twomilkmengocomedy --no-cpu > output.txt)
Initializing dictionary with filename
Initial words parsed: 172306
Initial words removed: 0
Frequency map rejections: 170877
Creating db with name cudanagram_1762994155604879258
Executing command: psql -d postgres -U cudanagram -v dbname=cudanagram_1762994155604879258 -f setup.sql
Created new db
Initialized Anagrammer with input twomilkmengocomedy
Number of CUDA-enabled GPUs: 2
Spawned 2 GPU workers
Anagrammer::initWorkers: total available threads = 524288
Anagrammer iteration 1
Jobs stats: total_jobs=1, unfinished_jobs=1
Found 1 jobs, of which 1 are unfinished
Jobs stats: total_jobs=1, unfinished_jobs=0
Unfinished jobs remaining: 1
 Took 1 jobs
 Jobs/second processed+write: 3.22
Anagrammer iteration 2
Jobs stats: total_jobs=1174, unfinished_jobs=1173
Found 1174 jobs, of which 1173 are unfinished
Jobs stats: total_jobs=1174, unfinished_jobs=0
Unfinished jobs remaining: 1173
 Took 1173 jobs
 Jobs/second processed+write: 2068.78
Anagrammer iteration 3
Jobs stats: total_jobs=114332, unfinished_jobs=113158
Found 114332 jobs, of which 113158 are unfinished
Jobs stats: total_jobs=114332, unfinished_jobs=0
Unfinished jobs remaining: 113158
 Took 113158 jobs
 Jobs/second processed+write: 17500.46
Anagrammer iteration 4
Jobs stats: total_jobs=1873873, unfinished_jobs=1759541
Found 1873873 jobs, of which 1759541 are unfinished
Jobs stats: total_jobs=1873873, unfinished_jobs=0
Unfinished jobs remaining: 1759541
 Took 1759541 jobs
 Jobs/second processed+write: 105951.77
Anagrammer iteration 5
Jobs stats: total_jobs=7077348, unfinished_jobs=5203475
Found 7077348 jobs, of which 5203475 are unfinished
Jobs stats: total_jobs=7077348, unfinished_jobs=0
Unfinished jobs remaining: 5203475
 Took 5203475 jobs
 Jobs/second processed+write: 188163.56
Anagrammer iteration 6
Jobs stats: total_jobs=10026201, unfinished_jobs=2948853
Found 10026201 jobs, of which 2948853 are unfinished
Jobs stats: total_jobs=10026201, unfinished_jobs=0
Unfinished jobs remaining: 2948853
 Took 2948853 jobs
 Jobs/second processed+write: 212025.67
Anagrammer iteration 7
Jobs stats: total_jobs=10331616, unfinished_jobs=305415
Found 10331616 jobs, of which 305415 are unfinished
Jobs stats: total_jobs=10331616, unfinished_jobs=0
Unfinished jobs remaining: 305415
 Took 305415 jobs
 Jobs/second processed+write: 333786.89
Anagrammer iteration 8
Jobs stats: total_jobs=10336302, unfinished_jobs=4686
Found 10336302 jobs, of which 4686 are unfinished
Jobs stats: total_jobs=10336302, unfinished_jobs=0
Unfinished jobs remaining: 4686
 Took 4686 jobs
 Jobs/second processed+write: 49851.06
Anagrammer iteration 9
Jobs stats: total_jobs=10336302, unfinished_jobs=0
Found 10336302 jobs, of which 0 are unfinished
Jobs stats: total_jobs=10336302, unfinished_jobs=0
No unfinished jobs remaining, done.
Printed 189351 found sentences


real    2m21.637s
user    1m21.595s
sys     0m26.945s
root@fwuff:~/cudanagram# time echo $(./cudanagram twomilkmengocomedy > output.txt)
Initializing dictionary with filename
Initial words parsed: 172306
Initial words removed: 0
Frequency map rejections: 170877
Creating db with name cudanagram_1762994377090221524
Executing command: psql -d postgres -U cudanagram -v dbname=cudanagram_1762994377090221524 -f setup.sql
Created new db
Initialized Anagrammer with input twomilkmengocomedy
The system supports approximately 120 CPU threads.
Spawned 120 CPU workers
Number of CUDA-enabled GPUs: 2
Spawned 2 GPU workers
Anagrammer::initWorkers: total available threads = 524408
Anagrammer iteration 1
Jobs stats: total_jobs=1, unfinished_jobs=1
Found 1 jobs, of which 1 are unfinished
Jobs stats: total_jobs=1, unfinished_jobs=0
Unfinished jobs remaining: 1
 Took 1 jobs
 Jobs/second processed+write: 3.94
Anagrammer iteration 2
Jobs stats: total_jobs=1174, unfinished_jobs=1173
Found 1174 jobs, of which 1173 are unfinished
Jobs stats: total_jobs=1174, unfinished_jobs=0
Unfinished jobs remaining: 1173
 Took 1173 jobs
 Jobs/second processed+write: 2433.61
Anagrammer iteration 3
Jobs stats: total_jobs=114332, unfinished_jobs=113158
Found 114332 jobs, of which 113158 are unfinished
Jobs stats: total_jobs=114332, unfinished_jobs=0
Unfinished jobs remaining: 113158
 Took 113158 jobs
 Jobs/second processed+write: 14580.34
Anagrammer iteration 4
Jobs stats: total_jobs=1873873, unfinished_jobs=1759541
Found 1873873 jobs, of which 1759541 are unfinished
Jobs stats: total_jobs=1873873, unfinished_jobs=0
Unfinished jobs remaining: 1759541
 Took 1759541 jobs
 Jobs/second processed+write: 109847.73
Anagrammer iteration 5
Jobs stats: total_jobs=7077348, unfinished_jobs=5203462
Found 7077348 jobs, of which 5203462 are unfinished
Jobs stats: total_jobs=7077348, unfinished_jobs=0
Unfinished jobs remaining: 5203462
 Took 5203462 jobs
 Jobs/second processed+write: 193064.04
Anagrammer iteration 6
Jobs stats: total_jobs=10026201, unfinished_jobs=2948828
Found 10026201 jobs, of which 2948828 are unfinished
Jobs stats: total_jobs=10026201, unfinished_jobs=0
Unfinished jobs remaining: 2948828
 Took 2948828 jobs
 Jobs/second processed+write: 208633.65
Anagrammer iteration 7
Jobs stats: total_jobs=10331616, unfinished_jobs=305411
Found 10331616 jobs, of which 305411 are unfinished
Jobs stats: total_jobs=10331616, unfinished_jobs=0
Unfinished jobs remaining: 305411
 Took 305411 jobs
 Jobs/second processed+write: 316816.39
Anagrammer iteration 8
Jobs stats: total_jobs=10336302, unfinished_jobs=4686
Found 10336302 jobs, of which 4686 are unfinished
Jobs stats: total_jobs=10336302, unfinished_jobs=0
Unfinished jobs remaining: 4686
 Took 4686 jobs
 Jobs/second processed+write: 18819.28
Anagrammer iteration 9
Jobs stats: total_jobs=10336302, unfinished_jobs=0
Found 10336302 jobs, of which 0 are unfinished
Jobs stats: total_jobs=10336302, unfinished_jobs=0
No unfinished jobs remaining, done.
Printed 189351 found sentences


real    2m30.917s
user    1m37.763s
sys     0m30.718s
root@fwuff:~/cudanagram#
